<?xml version="1.0" encoding="UTF-8"?>
<!-- Generated by org.testng.reporters.JUnitReportReporter -->
<testsuite hostname="DESKTOP-M1AAM1H" failures="0" tests="5" name="com.yourlogo.test.Test_Login" time="86.498" errors="0" timestamp="2020-08-09T00:45:06 IST" skipped="0">
  <testcase classname="com.yourlogo.test.Test_Login" name="emailIdBlank" time="19.961"/>
  <system-out/>
  <testcase classname="com.yourlogo.test.Test_Login" name="passwordBlank" time="17.236"/>
  <system-out/>
  <testcase classname="com.yourlogo.test.Test_Login" name="invalidEmailId" time="16.252"/>
  <system-out/>
  <testcase classname="com.yourlogo.test.Test_Login" name="invalidPassword" time="15.997"/>
  <system-out/>
  <testcase classname="com.yourlogo.test.Test_Login" name="validLogin" time="17.052"/>
  <system-out/>
</testsuite> <!-- com.yourlogo.test.Test_Login -->
