<?xml version="1.0" encoding="UTF-8"?>
<!-- Generated by org.testng.reporters.JUnitReportReporter -->
<testsuite hostname="DESKTOP-M1AAM1H" failures="0" tests="22" name="com.yourlogo.test.Test_Registration" time="518.862" errors="0" timestamp="2020-08-10T01:44:54 IST" skipped="0">
  <testcase classname="com.yourlogo.test.Test_Registration" name="invalidEmailId" time="18.418"/>
  <system-out/>
  <testcase classname="com.yourlogo.test.Test_Registration" name="blankEmailId" time="19.894"/>
  <system-out/>
  <testcase classname="com.yourlogo.test.Test_Registration" name="alreadyRegisteredEmailId" time="19.832"/>
  <system-out/>
  <testcase classname="com.yourlogo.test.Test_Registration" name="firstNameBlank" time="23.707"/>
  <system-out/>
  <testcase classname="com.yourlogo.test.Test_Registration" name="firstNameInvalid" time="23.496"/>
  <system-out/>
  <testcase classname="com.yourlogo.test.Test_Registration" name="lastNameBlank" time="27.683"/>
  <system-out/>
  <testcase classname="com.yourlogo.test.Test_Registration" name="lastNameInvalid" time="26.402"/>
  <system-out/>
  <testcase classname="com.yourlogo.test.Test_Registration" name="passwordBlank" time="23.070"/>
  <system-out/>
  <testcase classname="com.yourlogo.test.Test_Registration" name="passwordLessThanFiveChars" time="25.760"/>
  <system-out/>
  <testcase classname="com.yourlogo.test.Test_Registration" name="firstNameRepeatBlank" time="23.911"/>
  <system-out/>
  <testcase classname="com.yourlogo.test.Test_Registration" name="firstNameRepeatInvalid" time="22.205"/>
  <system-out/>
  <testcase classname="com.yourlogo.test.Test_Registration" name="lastNameRepeatBlank" time="26.184"/>
  <system-out/>
  <testcase classname="com.yourlogo.test.Test_Registration" name="lastNameRepeatInvalid" time="24.125"/>
  <system-out/>
  <testcase classname="com.yourlogo.test.Test_Registration" name="addressOneBlank" time="26.057"/>
  <system-out/>
  <testcase classname="com.yourlogo.test.Test_Registration" name="cityBlank" time="23.019"/>
  <system-out/>
  <testcase classname="com.yourlogo.test.Test_Registration" name="stateBlank" time="23.550"/>
  <system-out/>
  <testcase classname="com.yourlogo.test.Test_Registration" name="zipCodeBlank" time="24.244"/>
  <system-out/>
  <testcase classname="com.yourlogo.test.Test_Registration" name="zipCodeInvalid" time="24.235"/>
  <system-out/>
  <testcase classname="com.yourlogo.test.Test_Registration" name="countryBlank" time="23.429"/>
  <system-out/>
  <testcase classname="com.yourlogo.test.Test_Registration" name="bothPhoneNumberBlank" time="23.024"/>
  <system-out/>
  <testcase classname="com.yourlogo.test.Test_Registration" name="invalidHomePhone" time="23.344"/>
  <system-out/>
  <testcase classname="com.yourlogo.test.Test_Registration" name="invalidMobilePhone" time="23.273"/>
  <system-out/>
</testsuite> <!-- com.yourlogo.test.Test_Registration -->
