<?xml version="1.0" encoding="UTF-8"?>
<!-- Generated by org.testng.reporters.JUnitReportReporter -->
<testsuite hostname="DESKTOP-M1AAM1H" failures="0" tests="5" name="com.yourlogo.test.Test_Login" time="85.014" errors="0" timestamp="2020-08-09T14:45:15 IST" skipped="0">
  <testcase classname="com.yourlogo.test.Test_Login" name="emailIdBlank" time="22.925"/>
  <system-out/>
  <testcase classname="com.yourlogo.test.Test_Login" name="passwordBlank" time="17.730"/>
  <system-out/>
  <testcase classname="com.yourlogo.test.Test_Login" name="invalidEmailId" time="14.216"/>
  <system-out/>
  <testcase classname="com.yourlogo.test.Test_Login" name="invalidPassword" time="14.346"/>
  <system-out/>
  <testcase classname="com.yourlogo.test.Test_Login" name="validLogin" time="15.797"/>
  <system-out/>
</testsuite> <!-- com.yourlogo.test.Test_Login -->
