<?xml version="1.0" encoding="UTF-8"?>
<!-- Generated by org.testng.reporters.JUnitReportReporter -->
<testsuite hostname="DESKTOP-M1AAM1H" failures="0" tests="2" name="com.yourlogo.test.Test_BuyProduct" time="133.592" errors="0" timestamp="2020-08-10T01:33:17 IST" skipped="0">
  <testcase classname="com.yourlogo.test.Test_BuyProduct" name="placeOrderUsingBankWire" time="57.907"/>
  <system-out/>
  <testcase classname="com.yourlogo.test.Test_BuyProduct" name="placeOrderUsingCheque" time="75.685"/>
  <system-out/>
</testsuite> <!-- com.yourlogo.test.Test_BuyProduct -->
