<?xml version="1.0" encoding="UTF-8"?>
<!-- Generated by org.testng.reporters.JUnitReportReporter -->
<testsuite hostname="DESKTOP-M1AAM1H" failures="0" tests="1" name="com.yourlogo.test.Test_Registration" time="28.469" errors="0" timestamp="2020-08-08T03:56:56 IST" skipped="0">
  <testcase classname="com.yourlogo.test.Test_Registration" name="invalidMobilePhone" time="28.469"/>
  <system-out/>
</testsuite> <!-- com.yourlogo.test.Test_Registration -->
