<?xml version="1.0" encoding="UTF-8"?>
<!-- Generated by org.testng.reporters.JUnitReportReporter -->
<testsuite hostname="DESKTOP-M1AAM1H" failures="0" tests="5" name="com.yourlogo.test.Test_Login" time="84.806" errors="0" timestamp="2020-08-10T01:35:52 IST" skipped="0">
  <testcase classname="com.yourlogo.test.Test_Login" name="emailIdBlank" time="20.136"/>
  <system-out/>
  <testcase classname="com.yourlogo.test.Test_Login" name="passwordBlank" time="15.814"/>
  <system-out/>
  <testcase classname="com.yourlogo.test.Test_Login" name="invalidEmailId" time="14.970"/>
  <system-out/>
  <testcase classname="com.yourlogo.test.Test_Login" name="invalidPassword" time="16.502"/>
  <system-out/>
  <testcase classname="com.yourlogo.test.Test_Login" name="validLogin" time="17.384"/>
  <system-out/>
</testsuite> <!-- com.yourlogo.test.Test_Login -->
