<?xml version="1.0" encoding="UTF-8"?>
<!-- Generated by org.testng.reporters.JUnitReportReporter -->
<testsuite hostname="DESKTOP-M1AAM1H" failures="0" tests="2" name="com.yourlogo.test.Test_BuyProduct" time="97.502" errors="0" timestamp="2020-08-10T01:02:20 IST" skipped="0">
  <testcase classname="com.yourlogo.test.Test_BuyProduct" name="placeOrderUsingBankWire" time="47.126"/>
  <system-out/>
  <testcase classname="com.yourlogo.test.Test_BuyProduct" name="placeOrderUsingCheque" time="50.376"/>
  <system-out/>
</testsuite> <!-- com.yourlogo.test.Test_BuyProduct -->
