<?xml version="1.0" encoding="UTF-8"?>
<!-- Generated by org.testng.reporters.JUnitReportReporter -->
<testsuite hostname="DESKTOP-M1AAM1H" failures="0" tests="5" name="com.yourlogo.test.Test_Login" time="91.589" errors="0" timestamp="2020-08-08T12:07:13 IST" skipped="0">
  <testcase classname="com.yourlogo.test.Test_Login" name="emailIdBlank" time="20.990"/>
  <system-out/>
  <testcase classname="com.yourlogo.test.Test_Login" name="passwordBlank" time="17.194"/>
  <system-out/>
  <testcase classname="com.yourlogo.test.Test_Login" name="invalidEmailId" time="15.605"/>
  <system-out/>
  <testcase classname="com.yourlogo.test.Test_Login" name="invalidPassword" time="16.196"/>
  <system-out/>
  <testcase classname="com.yourlogo.test.Test_Login" name="validLogin" time="21.604"/>
  <system-out/>
</testsuite> <!-- com.yourlogo.test.Test_Login -->
