<?xml version="1.0" encoding="UTF-8"?>
<!-- Generated by org.testng.reporters.JUnitReportReporter -->
<testsuite hostname="DESKTOP-M1AAM1H" failures="0" tests="22" name="com.yourlogo.test.Test_Registration" time="530.202" errors="0" timestamp="2020-08-09T16:28:00 IST" skipped="0">
  <testcase classname="com.yourlogo.test.Test_Registration" name="invalidEmailId" time="20.331"/>
  <system-out/>
  <testcase classname="com.yourlogo.test.Test_Registration" name="blankEmailId" time="20.183"/>
  <system-out/>
  <testcase classname="com.yourlogo.test.Test_Registration" name="alreadyRegisteredEmailId" time="20.746"/>
  <system-out/>
  <testcase classname="com.yourlogo.test.Test_Registration" name="firstNameBlank" time="25.540"/>
  <system-out/>
  <testcase classname="com.yourlogo.test.Test_Registration" name="firstNameInvalid" time="47.598"/>
  <system-out/>
  <testcase classname="com.yourlogo.test.Test_Registration" name="lastNameBlank" time="22.437"/>
  <system-out/>
  <testcase classname="com.yourlogo.test.Test_Registration" name="lastNameInvalid" time="25.595"/>
  <system-out/>
  <testcase classname="com.yourlogo.test.Test_Registration" name="passwordBlank" time="28.644"/>
  <system-out/>
  <testcase classname="com.yourlogo.test.Test_Registration" name="passwordLessThanFiveChars" time="24.984"/>
  <system-out/>
  <testcase classname="com.yourlogo.test.Test_Registration" name="firstNameRepeatBlank" time="22.071"/>
  <system-out/>
  <testcase classname="com.yourlogo.test.Test_Registration" name="firstNameRepeatInvalid" time="21.390"/>
  <system-out/>
  <testcase classname="com.yourlogo.test.Test_Registration" name="lastNameRepeatBlank" time="22.147"/>
  <system-out/>
  <testcase classname="com.yourlogo.test.Test_Registration" name="lastNameRepeatInvalid" time="24.092"/>
  <system-out/>
  <testcase classname="com.yourlogo.test.Test_Registration" name="addressOneBlank" time="21.537"/>
  <system-out/>
  <testcase classname="com.yourlogo.test.Test_Registration" name="cityBlank" time="27.759"/>
  <system-out/>
  <testcase classname="com.yourlogo.test.Test_Registration" name="stateBlank" time="23.126"/>
  <system-out/>
  <testcase classname="com.yourlogo.test.Test_Registration" name="zipCodeBlank" time="21.387"/>
  <system-out/>
  <testcase classname="com.yourlogo.test.Test_Registration" name="zipCodeInvalid" time="21.593"/>
  <system-out/>
  <testcase classname="com.yourlogo.test.Test_Registration" name="countryBlank" time="22.262"/>
  <system-out/>
  <testcase classname="com.yourlogo.test.Test_Registration" name="bothPhoneNumberBlank" time="21.923"/>
  <system-out/>
  <testcase classname="com.yourlogo.test.Test_Registration" name="invalidHomePhone" time="22.101"/>
  <system-out/>
  <testcase classname="com.yourlogo.test.Test_Registration" name="invalidMobilePhone" time="22.756"/>
  <system-out/>
</testsuite> <!-- com.yourlogo.test.Test_Registration -->
